0 info it worked if it ends with ok
1 verbose cli [ '/usr/bin/node', '/usr/bin/npm', 'run', 'lint' ]
2 info using npm@3.5.2
3 info using node@v8.10.0
4 verbose run-script [ 'prelint', 'lint', 'postlint' ]
5 info lifecycle Self-Service-App@1.3.0~prelint: Self-Service-App@1.3.0
6 silly lifecycle Self-Service-App@1.3.0~prelint: no script for prelint, continuing
7 info lifecycle Self-Service-App@1.3.0~lint: Self-Service-App@1.3.0
8 verbose lifecycle Self-Service-App@1.3.0~lint: unsafe-perm in lifecycle true
9 verbose lifecycle Self-Service-App@1.3.0~lint: PATH: /usr/share/npm/bin/node-gyp-bin:/home/ankit01ojha/mifos/web-self-service-app/node_modules/.bin:/home/ankit01ojha/.local/bin:/usr/local/sbin:/usr/local/bin:/usr/sbin:/usr/bin:/sbin:/bin:/usr/games:/usr/local/games:/snap/bin
10 verbose lifecycle Self-Service-App@1.3.0~lint: CWD: /home/ankit01ojha/mifos/web-self-service-app
11 silly lifecycle Self-Service-App@1.3.0~lint: Args: [ '-c', 'eslint app/' ]
12 silly lifecycle Self-Service-App@1.3.0~lint: Returned: code: 1  signal: null
13 info lifecycle Self-Service-App@1.3.0~lint: Failed to exec lint script
14 verbose stack Error: Self-Service-App@1.3.0 lint: `eslint app/`
14 verbose stack Exit status 1
14 verbose stack     at EventEmitter.<anonymous> (/usr/share/npm/lib/utils/lifecycle.js:232:16)
14 verbose stack     at emitTwo (events.js:126:13)
14 verbose stack     at EventEmitter.emit (events.js:214:7)
14 verbose stack     at ChildProcess.<anonymous> (/usr/share/npm/lib/utils/spawn.js:24:14)
14 verbose stack     at emitTwo (events.js:126:13)
14 verbose stack     at ChildProcess.emit (events.js:214:7)
14 verbose stack     at maybeClose (internal/child_process.js:925:16)
14 verbose stack     at Process.ChildProcess._handle.onexit (internal/child_process.js:209:5)
15 verbose pkgid Self-Service-App@1.3.0
16 verbose cwd /home/ankit01ojha/mifos/web-self-service-app
17 error Linux 4.15.0-23-generic
18 error argv "/usr/bin/node" "/usr/bin/npm" "run" "lint"
19 error node v8.10.0
20 error npm  v3.5.2
21 error code ELIFECYCLE
22 error Self-Service-App@1.3.0 lint: `eslint app/`
22 error Exit status 1
23 error Failed at the Self-Service-App@1.3.0 lint script 'eslint app/'.
23 error Make sure you have the latest version of node.js and npm installed.
23 error If you do, this is most likely a problem with the Self-Service-App package,
23 error not with npm itself.
23 error Tell the author that this fails on your system:
23 error     eslint app/
23 error You can get information on how to open an issue for this project with:
23 error     npm bugs Self-Service-App
23 error Or if that isn't available, you can get their info via:
23 error     npm owner ls Self-Service-App
23 error There is likely additional logging output above.
24 verbose exit [ 1, true ]
